#
# There is insufficient memory for the Java Runtime Environment to continue.
# Native memory allocation (malloc) failed to allocate 1048576 bytes for AllocateHeap
# Possible reasons:
#   The system is out of physical RAM or swap space
#   In 32 bit mode, the process size limit was hit
# Possible solutions:
#   Reduce memory load on the system
#   Increase physical memory or swap space
#   Check if swap backing store is full
#   Use 64 bit Java on a 64 bit OS
#   Decrease Java heap size (-Xmx/-Xms)
#   Decrease number of Java threads
#   Decrease Java thread stack sizes (-Xss)
#   Set larger code cache with -XX:ReservedCodeCacheSize=
# This output file may be truncated or incomplete.
#
#  Out of Memory Error (memory/allocation.inline.hpp:62), pid=22348, tid=22376
#
# JRE version:  (8.0_25-b18) (build )
# Java VM: Java HotSpot(TM) 64-Bit Server VM (25.25-b02 mixed mode windows-amd64 compressed oops)
# Failed to write core dump. Minidumps are not enabled by default on client versions of Windows
#

---------------  T H R E A D  ---------------

Current thread (0x0000000002be0800):  JavaThread "Unknown thread" [_thread_in_vm, id=22376, stack(0x00000000029f0000,0x0000000002af0000)]

Stack: [0x00000000029f0000,0x0000000002af0000]
Native frames: (J=compiled Java code, j=interpreted, Vv=VM code, C=native code)
V  [jvm.dll+0x31667a]
V  [jvm.dll+0x267073]
V  [jvm.dll+0x267cb3]
V  [jvm.dll+0x25f5b5]
V  [jvm.dll+0x3aa31f]
V  [jvm.dll+0x3d5f12]
V  [jvm.dll+0x3d629a]
V  [jvm.dll+0x3d1967]
V  [jvm.dll+0xe53f2]
V  [jvm.dll+0x1f9b19]
V  [jvm.dll+0x22b2e4]
V  [jvm.dll+0x14d571]
C  [java.exe+0x20b6]
C  [java.exe+0xc9bb]
C  [java.exe+0xca4f]
C  [KERNEL32.DLL+0x16ad]
C  [ntdll.dll+0x54409]


---------------  P R O C E S S  ---------------

Java Threads: ( => current thread )

Other Threads:

=>0x0000000002be0800 (exited) JavaThread "Unknown thread" [_thread_in_vm, id=22376, stack(0x00000000029f0000,0x0000000002af0000)]

VM state:not at safepoint (normal execution)

VM Mutex/Monitor currently owned by a thread: None

Heap:
 PSYoungGen      total 28672K, used 491K [0x00000000e0000000, 0x00000000e2000000, 0x0000000100000000)
  eden space 24576K, 2% used [0x00000000e0000000,0x00000000e007ae20,0x00000000e1800000)
  from space 4096K, 0% used [0x00000000e1c00000,0x00000000e1c00000,0x00000000e2000000)
  to   space 4096K, 0% used [0x00000000e1800000,0x00000000e1800000,0x00000000e1c00000)
 ParOldGen       total 65536K, used 0K [0x00000000a0000000, 0x00000000a4000000, 0x00000000e0000000)
  object space 65536K, 0% used [0x00000000a0000000,0x00000000a0000000,0x00000000a4000000)
 Metaspace       used 654K, capacity 4480K, committed 4480K, reserved 1056768K
  class space    used 66K, capacity 384K, committed 384K, reserved 1048576K

Card table byte_map: [0x00000000121a0000,0x00000000124b0000] byte_map_base: 0x0000000011ca0000

Marking Bits: (ParMarkBitMap*) 0x00000000572cd490
 Begin Bits: [0x0000000012ab0000, 0x00000000142b0000)
 End Bits:   [0x00000000142b0000, 0x0000000015ab0000)

Polling page: 0x0000000001440000

CodeCache: size=245760Kb used=326Kb max_used=326Kb free=245433Kb
 bounds [0x0000000002de0000, 0x0000000003050000, 0x0000000011de0000]
 total_blobs=55 nmethods=0 adapters=37
 compilation: enabled

Compilation events (0 events):
No events

GC Heap History (0 events):
No events

Deoptimization events (0 events):
No events

Internal exceptions (0 events):
No events

Events (10 events):
Event: 0.141 loading class java/lang/Short
Event: 0.142 loading class java/lang/Short done
Event: 0.142 loading class java/lang/Integer
Event: 0.142 loading class java/lang/Integer done
Event: 0.142 loading class java/lang/Long
Event: 0.142 loading class java/lang/Long done
Event: 0.143 loading class java/lang/NullPointerException
Event: 0.143 loading class java/lang/NullPointerException done
Event: 0.143 loading class java/lang/ArithmeticException
Event: 0.143 loading class java/lang/ArithmeticException done


Dynamic libraries:
0x00007ff64f950000 - 0x00007ff64f984000 	C:\ProgramData\Oracle\Java\javapath\java.exe
0x00007ffe778e0000 - 0x00007ffe77a86000 	C:\Windows\SYSTEM32\ntdll.dll
0x00007ffe755b0000 - 0x00007ffe756ea000 	C:\Windows\system32\KERNEL32.DLL
0x00007ffe74d30000 - 0x00007ffe74e3f000 	C:\Windows\system32\KERNELBASE.dll
0x00007ffe737d0000 - 0x00007ffe73858000 	C:\Windows\system32\apphelp.dll
0x00007ffe641b0000 - 0x00007ffe641ff000 	C:\Windows\AppPatch\AppPatch64\AcGenral.DLL
0x00007ffe751e0000 - 0x00007ffe75287000 	C:\Windows\system32\msvcrt.dll
0x00007ffe74b10000 - 0x00007ffe74b3b000 	C:\Windows\SYSTEM32\SspiCli.dll
0x00007ffe75290000 - 0x00007ffe752e1000 	C:\Windows\system32\SHLWAPI.dll
0x00007ffe77110000 - 0x00007ffe77281000 	C:\Windows\system32\USER32.dll
0x00007ffe77370000 - 0x00007ffe774e8000 	C:\Windows\system32\ole32.dll
0x00007ffe756f0000 - 0x00007ffe76aff000 	C:\Windows\system32\SHELL32.dll
0x00007ffe742f0000 - 0x00007ffe7430e000 	C:\Windows\SYSTEM32\USERENV.dll
0x00007ffe76d30000 - 0x00007ffe76dd5000 	C:\Windows\system32\ADVAPI32.dll
0x00007ffe6c5b0000 - 0x00007ffe6c5cb000 	C:\Windows\SYSTEM32\MPR.dll
0x00007ffe775a0000 - 0x00007ffe776d7000 	C:\Windows\system32\RPCRT4.dll
0x00007ffe76cd0000 - 0x00007ffe76d27000 	C:\Windows\SYSTEM32\sechost.dll
0x00007ffe76f20000 - 0x00007ffe770f6000 	C:\Windows\SYSTEM32\combase.dll
0x00007ffe76b00000 - 0x00007ffe76c44000 	C:\Windows\system32\GDI32.dll
0x00007ffe74c60000 - 0x00007ffe74c74000 	C:\Windows\SYSTEM32\profapi.dll
0x00007ffe73870000 - 0x00007ffe7390f000 	C:\Windows\SYSTEM32\SHCORE.dll
0x00007ffe754d0000 - 0x00007ffe75504000 	C:\Windows\system32\IMM32.DLL
0x00007ffe76de0000 - 0x00007ffe76f19000 	C:\Windows\system32\MSCTF.dll
0x00007ffe72eb0000 - 0x00007ffe7310a000 	C:\Windows\WinSxS\amd64_microsoft.windows.common-controls_6595b64144ccf1df_6.0.9600.17031_none_6242a4b3ecbb55a1\COMCTL32.dll
0x0000000057350000 - 0x0000000057422000 	C:\Program Files\Java\jre1.8.0_25\bin\msvcr100.dll
0x0000000056af0000 - 0x000000005734a000 	C:\Program Files\Java\jre1.8.0_25\bin\server\jvm.dll
0x00007ffe6f420000 - 0x00007ffe6f429000 	C:\Windows\SYSTEM32\WSOCK32.dll
0x00007ffe73110000 - 0x00007ffe7312f000 	C:\Windows\SYSTEM32\WINMM.dll
0x00007ffe751d0000 - 0x00007ffe751d7000 	C:\Windows\system32\PSAPI.DLL
0x00007ffe75170000 - 0x00007ffe751c8000 	C:\Windows\system32\WS2_32.dll
0x00007ffe72a00000 - 0x00007ffe72a2a000 	C:\Windows\SYSTEM32\WINMMBASE.dll
0x00007ffe77100000 - 0x00007ffe77109000 	C:\Windows\system32\NSI.dll
0x00007ffe74e90000 - 0x00007ffe74eda000 	C:\Windows\SYSTEM32\cfgmgr32.dll
0x00007ffe73af0000 - 0x00007ffe73b16000 	C:\Windows\SYSTEM32\DEVOBJ.dll
0x00000000575a0000 - 0x00000000575af000 	C:\Program Files\Java\jre1.8.0_25\bin\verify.dll
0x0000000056ac0000 - 0x0000000056ae8000 	C:\Program Files\Java\jre1.8.0_25\bin\java.dll
0x0000000056aa0000 - 0x0000000056ab6000 	C:\Program Files\Java\jre1.8.0_25\bin\zip.dll
0x00007ffe65520000 - 0x00007ffe656a8000 	C:\Windows\SYSTEM32\dbghelp.dll

VM Arguments:
java_command: <unknown>
java_class_path (initial): .
Launcher Type: SUN_STANDARD

Environment Variables:
JAVA_HOME=C:\Program Files\Java\jdk1.8.0_25
PATH=C:\ProgramData\Oracle\Java\javapath;C:\Program Files (x86)\NVIDIA Corporation\PhysX\Common;C:\Windows\system32;C:\Windows;C:\Windows\System32\Wbem;C:\Windows\System32\WindowsPowerShell\v1.0\
USERNAME=Prince
OS=Windows_NT
PROCESSOR_IDENTIFIER=Intel64 Family 6 Model 15 Stepping 11, GenuineIntel



---------------  S Y S T E M  ---------------

OS: Windows 8.1 , 64 bit Build 9600 

CPU:total 4 (4 cores per cpu, 1 threads per core) family 6 model 15 stepping 11, cmov, cx8, fxsr, mmx, sse, sse2, sse3, ssse3, tsc

Memory: 4k page, physical 6289904k(1147824k free), swap 7338480k(142632k free)

vm_info: Java HotSpot(TM) 64-Bit Server VM (25.25-b02) for windows-amd64 JRE (1.8.0_25-b18), built on Oct  7 2014 14:25:37 by "java_re" with MS VC++ 10.0 (VS2010)

time: Tue Nov 11 06:31:39 2014
elapsed time: 0 seconds (0d 0h 0m 0s)

